<?xml version="1.0" encoding="UTF-8" ?>
<testsuite tests="18" failures="0" name="AdvancedCalculatorTest" time="0.04" errors="0" skipped="0">
  <properties>
[...]
</properties>
  <testcase classname="AdvancedCalculatorTest" name="testAbsolute" time="0.021"/>
  <testcase classname="AdvancedCalculatorTest" name="testMultiplicationWithRandomValues" time="0.004"/>
  <testcase classname="AdvancedCalculatorTest" name="testPower" time="0"/>
  <testcase classname="AdvancedCalculatorTest" name="testPowerWithRandomValues" time="0.001"/>
  <testcase classname="AdvancedCalculatorTest" name="testSquareWithRandomValues" time="0"/>
  <testcase classname="AdvancedCalculatorTest" name="testRemainderWithRandomValues" time="0"/>
  <testcase classname="AdvancedCalculatorTest" name="testMultiplication" time="0"/>
  <testcase classname="AdvancedCalculatorTest" name="testAddition" time="0"/>
  <testcase classname="AdvancedCalculatorTest" name="testDivisionWithRandomValues" time="0"/>
  <testcase classname="AdvancedCalculatorTest" name="testAdditionWithRandomValues" time="0.011"/>
  <testcase classname="AdvancedCalculatorTest" name="testAbsoluteWithRandomValues" time="0.001"/>
  <testcase classname="AdvancedCalculatorTest" name="testSubstraction" time="0"/>
  <testcase classname="AdvancedCalculatorTest" name="testDivision" time="0"/>
  <testcase classname="AdvancedCalculatorTest" name="testCubert" time="0.001"/>
  <testcase classname="AdvancedCalculatorTest" name="testSubstractionWithRandomValues" time="0.001"/>
  <testcase classname="AdvancedCalculatorTest" name="testRemainder" time="0"/>
  <testcase classname="AdvancedCalculatorTest" name="testCubertWithRandomValues" time="0"/>
  <testcase classname="AdvancedCalculatorTest" name="testSquare" time="0"/>
</testsuite>